# Logfile created on 2014-12-01 15:22:24 -0700 by logger.rb/44203
2014-12-01T22:22:27.461Z 61567 TID-oxbj0qos0 INFO: Running in ruby 2.1.2p95 (2014-05-08 revision 45877) [x86_64-darwin13.0]
2014-12-01T22:22:27.461Z 61567 TID-oxbj0qos0 INFO: See LICENSE and the LGPL-3.0 for licensing details.
2014-12-01T22:22:27.462Z 61567 TID-oxbj0qos0 INFO: Upgrade to Sidekiq Pro for more features and support: http://sidekiq.org/pro
2014-12-01T22:22:27.531Z 61567 TID-oxbj6vv2s INFO: Booting Sidekiq 3.2.6 with redis options {}
2014-12-01T22:22:27.531Z 61567 TID-oxbj8c8sc INFO: Booting Sidekiq 3.2.6 with redis options {}
2014-12-01T22:22:27.532Z 61567 TID-oxbj6vv2s ERROR: heartbeat: Error connecting to Redis on 127.0.0.1:6379 (ECONNREFUSED)
2014-12-01T22:22:27.532Z 61567 TID-oxbj8c8sc ERROR: Error fetching message: Error connecting to Redis on 127.0.0.1:6379 (ECONNREFUSED)
2014-12-01T22:22:27.533Z 61567 TID-oxbj8c8sc ERROR: /Users/hildenton/.rvm/rubies/ruby-2.1.2/lib/ruby/gems/2.1.0/gems/redis-3.1.0/lib/redis/client.rb:309:in `rescue in establish_connection'
2014-12-01T22:22:27.533Z 61567 TID-oxbj8c8sc ERROR: /Users/hildenton/.rvm/rubies/ruby-2.1.2/lib/ruby/gems/2.1.0/gems/redis-3.1.0/lib/redis/client.rb:304:in `establish_connection'
2014-12-01T22:22:27.533Z 61567 TID-oxbj8c8sc ERROR: /Users/hildenton/.rvm/rubies/ruby-2.1.2/lib/ruby/gems/2.1.0/gems/redis-3.1.0/lib/redis/client.rb:85:in `block in connect'
2014-12-01T22:22:27.533Z 61567 TID-oxbj8c8sc ERROR: /Users/hildenton/.rvm/rubies/ruby-2.1.2/lib/ruby/gems/2.1.0/gems/redis-3.1.0/lib/redis/client.rb:266:in `with_reconnect'
2014-12-01T22:22:27.533Z 61567 TID-oxbj8c8sc ERROR: /Users/hildenton/.rvm/rubies/ruby-2.1.2/lib/ruby/gems/2.1.0/gems/redis-3.1.0/lib/redis/client.rb:84:in `connect'
2014-12-01T22:22:27.533Z 61567 TID-oxbj8c8sc ERROR: /Users/hildenton/.rvm/rubies/ruby-2.1.2/lib/ruby/gems/2.1.0/gems/redis-3.1.0/lib/redis/client.rb:249:in `with_socket_timeout'
2014-12-01T22:22:27.533Z 61567 TID-oxbj8c8sc ERROR: /Users/hildenton/.rvm/rubies/ruby-2.1.2/lib/ruby/gems/2.1.0/gems/redis-3.1.0/lib/redis/client.rb:184:in `call_with_timeout'
2014-12-01T22:22:27.533Z 61567 TID-oxbj8c8sc ERROR: /Users/hildenton/.rvm/rubies/ruby-2.1.2/lib/ruby/gems/2.1.0/gems/redis-3.1.0/lib/redis.rb:1059:in `block in _bpop'
2014-12-01T22:22:27.533Z 61567 TID-oxbj8c8sc ERROR: /Users/hildenton/.rvm/rubies/ruby-2.1.2/lib/ruby/gems/2.1.0/gems/redis-3.1.0/lib/redis.rb:37:in `block in synchronize'
2014-12-01T22:22:27.533Z 61567 TID-oxbj8c8sc ERROR: /Users/hildenton/.rvm/rubies/ruby-2.1.2/lib/ruby/2.1.0/monitor.rb:211:in `mon_synchronize'
2014-12-01T22:22:27.534Z 61567 TID-oxbj8c8sc ERROR: /Users/hildenton/.rvm/rubies/ruby-2.1.2/lib/ruby/gems/2.1.0/gems/redis-3.1.0/lib/redis.rb:37:in `synchronize'
2014-12-01T22:22:27.534Z 61567 TID-oxbj8c8sc ERROR: /Users/hildenton/.rvm/rubies/ruby-2.1.2/lib/ruby/gems/2.1.0/gems/redis-3.1.0/lib/redis.rb:1056:in `_bpop'
2014-12-01T22:22:27.534Z 61567 TID-oxbj8c8sc ERROR: /Users/hildenton/.rvm/rubies/ruby-2.1.2/lib/ruby/gems/2.1.0/gems/redis-3.1.0/lib/redis.rb:1101:in `brpop'
2014-12-01T22:22:27.534Z 61567 TID-oxbj8c8sc ERROR: /Users/hildenton/.rvm/rubies/ruby-2.1.2/lib/ruby/gems/2.1.0/gems/sidekiq-3.2.6/lib/sidekiq/fetch.rb:102:in `block in retrieve_work'
2014-12-01T22:22:27.534Z 61567 TID-oxbj8c8sc ERROR: /Users/hildenton/.rvm/rubies/ruby-2.1.2/lib/ruby/gems/2.1.0/gems/connection_pool-2.1.0/lib/connection_pool.rb:58:in `with'
2014-12-01T22:22:27.534Z 61567 TID-oxbj8c8sc ERROR: /Users/hildenton/.rvm/rubies/ruby-2.1.2/lib/ruby/gems/2.1.0/gems/sidekiq-3.2.6/lib/sidekiq.rb:72:in `redis'
2014-12-01T22:22:27.534Z 61567 TID-oxbj8c8sc ERROR: /Users/hildenton/.rvm/rubies/ruby-2.1.2/lib/ruby/gems/2.1.0/gems/sidekiq-3.2.6/lib/sidekiq/fetch.rb:102:in `retrieve_work'
2014-12-01T22:22:27.534Z 61567 TID-oxbj8c8sc ERROR: /Users/hildenton/.rvm/rubies/ruby-2.1.2/lib/ruby/gems/2.1.0/gems/sidekiq-3.2.6/lib/sidekiq/fetch.rb:37:in `block in fetch'
2014-12-01T22:22:27.534Z 61567 TID-oxbj8c8sc ERROR: /Users/hildenton/.rvm/rubies/ruby-2.1.2/lib/ruby/gems/2.1.0/gems/sidekiq-3.2.6/lib/sidekiq/util.rb:15:in `watchdog'
2014-12-01T22:22:27.534Z 61567 TID-oxbj8c8sc ERROR: /Users/hildenton/.rvm/rubies/ruby-2.1.2/lib/ruby/gems/2.1.0/gems/sidekiq-3.2.6/lib/sidekiq/fetch.rb:33:in `fetch'
2014-12-01T22:22:27.534Z 61567 TID-oxbj8c8sc ERROR: /Users/hildenton/.rvm/rubies/ruby-2.1.2/lib/ruby/gems/2.1.0/gems/celluloid-0.15.2/lib/celluloid/calls.rb:25:in `public_send'
2014-12-01T22:22:27.534Z 61567 TID-oxbj8c8sc ERROR: /Users/hildenton/.rvm/rubies/ruby-2.1.2/lib/ruby/gems/2.1.0/gems/celluloid-0.15.2/lib/celluloid/calls.rb:25:in `dispatch'
2014-12-01T22:22:27.535Z 61567 TID-oxbj8c8sc ERROR: /Users/hildenton/.rvm/rubies/ruby-2.1.2/lib/ruby/gems/2.1.0/gems/celluloid-0.15.2/lib/celluloid/calls.rb:122:in `dispatch'
2014-12-01T22:22:27.535Z 61567 TID-oxbj8c8sc ERROR: /Users/hildenton/.rvm/rubies/ruby-2.1.2/lib/ruby/gems/2.1.0/gems/celluloid-0.15.2/lib/celluloid/actor.rb:322:in `block in handle_message'
2014-12-01T22:22:27.535Z 61567 TID-oxbj8c8sc ERROR: /Users/hildenton/.rvm/rubies/ruby-2.1.2/lib/ruby/gems/2.1.0/gems/celluloid-0.15.2/lib/celluloid/actor.rb:416:in `block in task'
2014-12-01T22:22:27.535Z 61567 TID-oxbj8c8sc ERROR: /Users/hildenton/.rvm/rubies/ruby-2.1.2/lib/ruby/gems/2.1.0/gems/celluloid-0.15.2/lib/celluloid/tasks.rb:55:in `block in initialize'
2014-12-01T22:22:27.535Z 61567 TID-oxbj8c8sc ERROR: /Users/hildenton/.rvm/rubies/ruby-2.1.2/lib/ruby/gems/2.1.0/gems/celluloid-0.15.2/lib/celluloid/tasks/task_fiber.rb:13:in `block in create'
2014-12-01T22:22:32.535Z 61567 TID-oxbj6vv2s ERROR: heartbeat: Error connecting to Redis on 127.0.0.1:6379 (ECONNREFUSED)
2014-12-01T22:22:37.541Z 61567 TID-oxbj6vv2s ERROR: heartbeat: Error connecting to Redis on 127.0.0.1:6379 (ECONNREFUSED)
2014-12-01T22:22:37.951Z 61567 TID-oxbj890xs ERROR: Error connecting to Redis on 127.0.0.1:6379 (ECONNREFUSED)
2014-12-01T22:22:37.951Z 61567 TID-oxbj890xs ERROR: /Users/hildenton/.rvm/rubies/ruby-2.1.2/lib/ruby/gems/2.1.0/gems/redis-3.1.0/lib/redis/client.rb:309:in `rescue in establish_connection'
2014-12-01T22:22:37.959Z 61567 TID-oxbj890xs WARN: {:context=>"scheduling poller thread died!"}
2014-12-01T22:22:37.959Z 61567 TID-oxbj890xs WARN: Error connecting to Redis on 127.0.0.1:6379 (ECONNREFUSED)
2014-12-01T22:22:37.959Z 61567 TID-oxbj890xs WARN: /Users/hildenton/.rvm/rubies/ruby-2.1.2/lib/ruby/gems/2.1.0/gems/redis-3.1.0/lib/redis/client.rb:309:in `rescue in establish_connection'
/Users/hildenton/.rvm/rubies/ruby-2.1.2/lib/ruby/gems/2.1.0/gems/redis-3.1.0/lib/redis/client.rb:304:in `establish_connection'
/Users/hildenton/.rvm/rubies/ruby-2.1.2/lib/ruby/gems/2.1.0/gems/redis-3.1.0/lib/redis/client.rb:85:in `block in connect'
/Users/hildenton/.rvm/rubies/ruby-2.1.2/lib/ruby/gems/2.1.0/gems/redis-3.1.0/lib/redis/client.rb:266:in `with_reconnect'
/Users/hildenton/.rvm/rubies/ruby-2.1.2/lib/ruby/gems/2.1.0/gems/redis-3.1.0/lib/redis/client.rb:84:in `connect'
/Users/hildenton/.rvm/rubies/ruby-2.1.2/lib/ruby/gems/2.1.0/gems/redis-3.1.0/lib/redis/client.rb:326:in `ensure_connected'
/Users/hildenton/.rvm/rubies/ruby-2.1.2/lib/ruby/gems/2.1.0/gems/redis-3.1.0/lib/redis/client.rb:197:in `block in process'
/Users/hildenton/.rvm/rubies/ruby-2.1.2/lib/ruby/gems/2.1.0/gems/redis-3.1.0/lib/redis/client.rb:279:in `logging'
/Users/hildenton/.rvm/rubies/ruby-2.1.2/lib/ruby/gems/2.1.0/gems/redis-3.1.0/lib/redis/client.rb:196:in `process'
/Users/hildenton/.rvm/rubies/ruby-2.1.2/lib/ruby/gems/2.1.0/gems/redis-3.1.0/lib/redis/client.rb:102:in `call'
/Users/hildenton/.rvm/rubies/ruby-2.1.2/lib/ruby/gems/2.1.0/gems/redis-3.1.0/lib/redis.rb:1315:in `block in smembers'
/Users/hildenton/.rvm/rubies/ruby-2.1.2/lib/ruby/gems/2.1.0/gems/redis-3.1.0/lib/redis.rb:37:in `block in synchronize'
/Users/hildenton/.rvm/rubies/ruby-2.1.2/lib/ruby/2.1.0/monitor.rb:211:in `mon_synchronize'
/Users/hildenton/.rvm/rubies/ruby-2.1.2/lib/ruby/gems/2.1.0/gems/redis-3.1.0/lib/redis.rb:37:in `synchronize'
/Users/hildenton/.rvm/rubies/ruby-2.1.2/lib/ruby/gems/2.1.0/gems/redis-3.1.0/lib/redis.rb:1314:in `smembers'
/Users/hildenton/.rvm/rubies/ruby-2.1.2/lib/ruby/gems/2.1.0/gems/sidekiq-3.2.6/lib/sidekiq/api.rb:557:in `block in cleanup'
/Users/hildenton/.rvm/rubies/ruby-2.1.2/lib/ruby/gems/2.1.0/gems/connection_pool-2.1.0/lib/connection_pool.rb:58:in `with'
/Users/hildenton/.rvm/rubies/ruby-2.1.2/lib/ruby/gems/2.1.0/gems/sidekiq-3.2.6/lib/sidekiq.rb:72:in `redis'
/Users/hildenton/.rvm/rubies/ruby-2.1.2/lib/ruby/gems/2.1.0/gems/sidekiq-3.2.6/lib/sidekiq/api.rb:556:in `cleanup'
/Users/hildenton/.rvm/rubies/ruby-2.1.2/lib/ruby/gems/2.1.0/gems/sidekiq-3.2.6/lib/sidekiq/api.rb:549:in `initialize'
/Users/hildenton/.rvm/rubies/ruby-2.1.2/lib/ruby/gems/2.1.0/gems/sidekiq-3.2.6/lib/sidekiq/scheduled.rb:79:in `new'
/Users/hildenton/.rvm/rubies/ruby-2.1.2/lib/ruby/gems/2.1.0/gems/sidekiq-3.2.6/lib/sidekiq/scheduled.rb:79:in `poll_interval'
/Users/hildenton/.rvm/rubies/ruby-2.1.2/lib/ruby/gems/2.1.0/gems/sidekiq-3.2.6/lib/sidekiq/scheduled.rb:58:in `block in poll'
/Users/hildenton/.rvm/rubies/ruby-2.1.2/lib/ruby/gems/2.1.0/gems/sidekiq-3.2.6/lib/sidekiq/util.rb:15:in `watchdog'
/Users/hildenton/.rvm/rubies/ruby-2.1.2/lib/ruby/gems/2.1.0/gems/sidekiq-3.2.6/lib/sidekiq/scheduled.rb:23:in `poll'
/Users/hildenton/.rvm/rubies/ruby-2.1.2/lib/ruby/gems/2.1.0/gems/celluloid-0.15.2/lib/celluloid/calls.rb:25:in `public_send'
/Users/hildenton/.rvm/rubies/ruby-2.1.2/lib/ruby/gems/2.1.0/gems/celluloid-0.15.2/lib/celluloid/calls.rb:25:in `dispatch'
/Users/hildenton/.rvm/rubies/ruby-2.1.2/lib/ruby/gems/2.1.0/gems/celluloid-0.15.2/lib/celluloid/calls.rb:122:in `dispatch'
/Users/hildenton/.rvm/rubies/ruby-2.1.2/lib/ruby/gems/2.1.0/gems/celluloid-0.15.2/lib/celluloid/actor.rb:322:in `block in handle_message'
/Users/hildenton/.rvm/rubies/ruby-2.1.2/lib/ruby/gems/2.1.0/gems/celluloid-0.15.2/lib/celluloid/actor.rb:416:in `block in task'
/Users/hildenton/.rvm/rubies/ruby-2.1.2/lib/ruby/gems/2.1.0/gems/celluloid-0.15.2/lib/celluloid/tasks.rb:55:in `block in initialize'
/Users/hildenton/.rvm/rubies/ruby-2.1.2/lib/ruby/gems/2.1.0/gems/celluloid-0.15.2/lib/celluloid/tasks/task_fiber.rb:13:in `block in create'
2014-12-01T22:22:37.977Z 61567 TID-oxbj6w89s WARN: Sidekiq died due to the following error, cannot recover, process exiting
2014-12-01T22:22:37.977Z 61567 TID-oxbj6w89s WARN: Error connecting to Redis on 127.0.0.1:6379 (ECONNREFUSED)
2014-12-01T22:22:37.987Z 61567 TID-oxbj6w89s WARN: /Users/hildenton/.rvm/rubies/ruby-2.1.2/lib/ruby/gems/2.1.0/gems/redis-3.1.0/lib/redis/client.rb:309:in `rescue in establish_connection'
/Users/hildenton/.rvm/rubies/ruby-2.1.2/lib/ruby/gems/2.1.0/gems/redis-3.1.0/lib/redis/client.rb:304:in `establish_connection'
/Users/hildenton/.rvm/rubies/ruby-2.1.2/lib/ruby/gems/2.1.0/gems/redis-3.1.0/lib/redis/client.rb:85:in `block in connect'
/Users/hildenton/.rvm/rubies/ruby-2.1.2/lib/ruby/gems/2.1.0/gems/redis-3.1.0/lib/redis/client.rb:266:in `with_reconnect'
/Users/hildenton/.rvm/rubies/ruby-2.1.2/lib/ruby/gems/2.1.0/gems/redis-3.1.0/lib/redis/client.rb:84:in `connect'
/Users/hildenton/.rvm/rubies/ruby-2.1.2/lib/ruby/gems/2.1.0/gems/redis-3.1.0/lib/redis/client.rb:326:in `ensure_connected'
/Users/hildenton/.rvm/rubies/ruby-2.1.2/lib/ruby/gems/2.1.0/gems/redis-3.1.0/lib/redis/client.rb:197:in `block in process'
/Users/hildenton/.rvm/rubies/ruby-2.1.2/lib/ruby/gems/2.1.0/gems/redis-3.1.0/lib/redis/client.rb:279:in `logging'
/Users/hildenton/.rvm/rubies/ruby-2.1.2/lib/ruby/gems/2.1.0/gems/redis-3.1.0/lib/redis/client.rb:196:in `process'
/Users/hildenton/.rvm/rubies/ruby-2.1.2/lib/ruby/gems/2.1.0/gems/redis-3.1.0/lib/redis/client.rb:102:in `call'
/Users/hildenton/.rvm/rubies/ruby-2.1.2/lib/ruby/gems/2.1.0/gems/redis-3.1.0/lib/redis.rb:1315:in `block in smembers'
/Users/hildenton/.rvm/rubies/ruby-2.1.2/lib/ruby/gems/2.1.0/gems/redis-3.1.0/lib/redis.rb:37:in `block in synchronize'
/Users/hildenton/.rvm/rubies/ruby-2.1.2/lib/ruby/2.1.0/monitor.rb:211:in `mon_synchronize'
/Users/hildenton/.rvm/rubies/ruby-2.1.2/lib/ruby/gems/2.1.0/gems/redis-3.1.0/lib/redis.rb:37:in `synchronize'
/Users/hildenton/.rvm/rubies/ruby-2.1.2/lib/ruby/gems/2.1.0/gems/redis-3.1.0/lib/redis.rb:1314:in `smembers'
/Users/hildenton/.rvm/rubies/ruby-2.1.2/lib/ruby/gems/2.1.0/gems/sidekiq-3.2.6/lib/sidekiq/api.rb:557:in `block in cleanup'
/Users/hildenton/.rvm/rubies/ruby-2.1.2/lib/ruby/gems/2.1.0/gems/connection_pool-2.1.0/lib/connection_pool.rb:58:in `with'
/Users/hildenton/.rvm/rubies/ruby-2.1.2/lib/ruby/gems/2.1.0/gems/sidekiq-3.2.6/lib/sidekiq.rb:72:in `redis'
/Users/hildenton/.rvm/rubies/ruby-2.1.2/lib/ruby/gems/2.1.0/gems/sidekiq-3.2.6/lib/sidekiq/api.rb:556:in `cleanup'
/Users/hildenton/.rvm/rubies/ruby-2.1.2/lib/ruby/gems/2.1.0/gems/sidekiq-3.2.6/lib/sidekiq/api.rb:549:in `initialize'
/Users/hildenton/.rvm/rubies/ruby-2.1.2/lib/ruby/gems/2.1.0/gems/sidekiq-3.2.6/lib/sidekiq/scheduled.rb:79:in `new'
/Users/hildenton/.rvm/rubies/ruby-2.1.2/lib/ruby/gems/2.1.0/gems/sidekiq-3.2.6/lib/sidekiq/scheduled.rb:79:in `poll_interval'
/Users/hildenton/.rvm/rubies/ruby-2.1.2/lib/ruby/gems/2.1.0/gems/sidekiq-3.2.6/lib/sidekiq/scheduled.rb:58:in `block in poll'
/Users/hildenton/.rvm/rubies/ruby-2.1.2/lib/ruby/gems/2.1.0/gems/sidekiq-3.2.6/lib/sidekiq/util.rb:15:in `watchdog'
/Users/hildenton/.rvm/rubies/ruby-2.1.2/lib/ruby/gems/2.1.0/gems/sidekiq-3.2.6/lib/sidekiq/scheduled.rb:23:in `poll'
/Users/hildenton/.rvm/rubies/ruby-2.1.2/lib/ruby/gems/2.1.0/gems/celluloid-0.15.2/lib/celluloid/calls.rb:25:in `public_send'
/Users/hildenton/.rvm/rubies/ruby-2.1.2/lib/ruby/gems/2.1.0/gems/celluloid-0.15.2/lib/celluloid/calls.rb:25:in `dispatch'
/Users/hildenton/.rvm/rubies/ruby-2.1.2/lib/ruby/gems/2.1.0/gems/celluloid-0.15.2/lib/celluloid/calls.rb:122:in `dispatch'
/Users/hildenton/.rvm/rubies/ruby-2.1.2/lib/ruby/gems/2.1.0/gems/celluloid-0.15.2/lib/celluloid/actor.rb:322:in `block in handle_message'
/Users/hildenton/.rvm/rubies/ruby-2.1.2/lib/ruby/gems/2.1.0/gems/celluloid-0.15.2/lib/celluloid/actor.rb:416:in `block in task'
/Users/hildenton/.rvm/rubies/ruby-2.1.2/lib/ruby/gems/2.1.0/gems/celluloid-0.15.2/lib/celluloid/tasks.rb:55:in `block in initialize'
/Users/hildenton/.rvm/rubies/ruby-2.1.2/lib/ruby/gems/2.1.0/gems/celluloid-0.15.2/lib/celluloid/tasks/task_fiber.rb:13:in `block in create'
